[INFO] 2025-11-30 16:19:40,739 >>>задача выполнена
[INFO] 2025-11-30 16:22:04,708 >>>задача выполнена
[INFO] 2025-11-30 16:25:24,666 >>>задача выполнена
[INFO] 2025-11-30 16:26:24,669 >>>задача выполнена
[INFO] 2025-11-30 17:00:36,100 время обработки запроса = 0.12646722793579102
[INFO] 2025-11-30 17:05:25,258 Запрос пришёл: /product/4/
[INFO] 2025-11-30 17:05:25,370 Ответ готов: 200
[INFO] 2025-11-30 17:05:25,371 время обработки запроса = 0.1126871109008789
[INFO] 2025-11-30 17:05:47,592 Запрос пришёл: /product/4/
[INFO] 2025-11-30 17:05:47,669 Ответ готов: 200
[INFO] 2025-11-30 17:05:47,669 время обработки запроса = 0.07672476768493652
[INFO] 2025-11-30 19:10:20,173 Запрос пришёл: /favicon.ico
[INFO] 2025-11-30 19:10:20,185 Ответ готов: 404
[INFO] 2025-11-30 19:10:20,185 время обработки запроса = 0.011890888214111328
[INFO] 2025-11-30 19:10:27,540 Запрос пришёл: /favicon.ico
[INFO] 2025-11-30 19:10:27,553 Ответ готов: 404
[INFO] 2025-11-30 19:10:27,553 время обработки запроса = 0.01269984245300293
[INFO] 2025-11-30 19:10:30,489 Запрос пришёл: /swagger/
[INFO] 2025-11-30 19:10:30,511 Ответ готов: 200
[INFO] 2025-11-30 19:10:30,511 время обработки запроса = 0.02239823341369629
[INFO] 2025-11-30 19:10:30,842 Запрос пришёл: /swagger/
[INFO] 2025-11-30 19:10:30,870 Ответ готов: 200
[INFO] 2025-11-30 19:10:30,870 время обработки запроса = 0.028845787048339844
[INFO] 2025-11-30 19:12:43,064 Запрос пришёл: /swagger/
[INFO] 2025-11-30 19:12:43,084 Ответ готов: 200
[INFO] 2025-11-30 19:12:43,084 время обработки запроса = 0.02005481719970703
[INFO] 2025-11-30 19:12:43,436 Запрос пришёл: /swagger/
[INFO] 2025-11-30 19:12:43,502 Ответ готов: 500
[INFO] 2025-11-30 19:12:43,502 время обработки запроса = 0.06656146049499512
[INFO] 2025-11-30 19:15:17,406 Запрос пришёл: /swagger/
[INFO] 2025-11-30 19:15:17,427 Ответ готов: 200
[INFO] 2025-11-30 19:15:17,427 время обработки запроса = 0.02088165283203125
[INFO] 2025-11-30 19:15:17,704 Запрос пришёл: /swagger/
[INFO] 2025-11-30 19:15:17,732 Ответ готов: 200
[INFO] 2025-11-30 19:15:17,733 время обработки запроса = 0.028133630752563477
[INFO] 2025-11-30 19:15:30,384 Запрос пришёл: /api/api/cart/4/
[INFO] 2025-11-30 19:15:30,385 Ответ готов: 401
[INFO] 2025-11-30 19:15:30,385 время обработки запроса = 0.0012164115905761719
[INFO] 2025-11-30 19:15:59,248 Запрос пришёл: /api/token/
[INFO] 2025-11-30 19:16:00,057 Ответ готов: 200
[INFO] 2025-11-30 19:16:00,057 время обработки запроса = 0.8092532157897949
[INFO] 2025-11-30 19:16:24,935 Запрос пришёл: /api/api/cart/4/
[INFO] 2025-11-30 19:16:24,972 Ответ готов: 500
[INFO] 2025-11-30 19:16:24,972 время обработки запроса = 0.037317752838134766
[INFO] 2025-11-30 19:17:44,666 Запрос пришёл: /api/api/cart/3/
[INFO] 2025-11-30 19:17:44,675 Ответ готов: 404
[INFO] 2025-11-30 19:17:44,675 время обработки запроса = 0.008460044860839844
[INFO] 2025-11-30 19:17:58,908 Запрос пришёл: /api/api/cart/5/
[INFO] 2025-11-30 19:17:58,914 Ответ готов: 404
[INFO] 2025-11-30 19:17:58,914 время обработки запроса = 0.005805253982543945
[INFO] 2025-11-30 19:18:04,707 Запрос пришёл: /swagger/
[INFO] 2025-11-30 19:18:04,726 Ответ готов: 200
[INFO] 2025-11-30 19:18:04,726 время обработки запроса = 0.01916217803955078
[INFO] 2025-11-30 19:18:05,040 Запрос пришёл: /swagger/
[INFO] 2025-11-30 19:18:05,074 Ответ готов: 200
[INFO] 2025-11-30 19:18:05,074 время обработки запроса = 0.03408074378967285
[INFO] 2025-11-30 19:18:27,907 Запрос пришёл: /api/cart/4/
[INFO] 2025-11-30 19:18:27,908 Ответ готов: 401
[INFO] 2025-11-30 19:18:27,908 время обработки запроса = 0.0009450912475585938
[INFO] 2025-11-30 19:18:54,348 Запрос пришёл: /api/token/
[INFO] 2025-11-30 19:18:55,089 Ответ готов: 200
[INFO] 2025-11-30 19:18:55,089 время обработки запроса = 0.7412714958190918
[INFO] 2025-11-30 19:19:23,975 Запрос пришёл: /api/cart/4/
[INFO] 2025-11-30 19:19:24,006 Ответ готов: 500
[INFO] 2025-11-30 19:19:24,006 время обработки запроса = 0.0308988094329834
[INFO] 2025-11-30 19:21:40,715 Запрос пришёл: /api/cart/
[INFO] 2025-11-30 19:21:40,734 Ответ готов: 400
[INFO] 2025-11-30 19:21:40,734 время обработки запроса = 0.018635272979736328
[INFO] 2025-11-30 19:25:43,333 Запрос пришёл: /swagger/
[INFO] 2025-11-30 19:25:43,350 Ответ готов: 200
[INFO] 2025-11-30 19:25:43,351 время обработки запроса = 0.017067909240722656
[INFO] 2025-11-30 19:25:43,689 Запрос пришёл: /swagger/
[INFO] 2025-11-30 19:25:43,750 Ответ готов: 500
[INFO] 2025-11-30 19:25:43,751 время обработки запроса = 0.061952829360961914
[INFO] 2025-11-30 19:26:49,742 Запрос пришёл: /swagger/
[INFO] 2025-11-30 19:26:49,746 Ответ готов: 200
[INFO] 2025-11-30 19:26:49,747 время обработки запроса = 0.0049419403076171875
[INFO] 2025-11-30 19:26:50,175 Запрос пришёл: /swagger/
[INFO] 2025-11-30 19:26:50,315 Ответ готов: 500
[INFO] 2025-11-30 19:26:50,315 время обработки запроса = 0.13955378532409668
[INFO] 2025-11-30 19:26:53,936 Запрос пришёл: /swagger/
[INFO] 2025-11-30 19:26:53,938 Ответ готов: 200
[INFO] 2025-11-30 19:26:53,938 время обработки запроса = 0.0018253326416015625
[INFO] 2025-11-30 19:26:54,166 Запрос пришёл: /swagger/
[INFO] 2025-11-30 19:26:54,223 Ответ готов: 500
[INFO] 2025-11-30 19:26:54,223 время обработки запроса = 0.05710291862487793
[INFO] 2025-11-30 19:28:10,670 Запрос пришёл: /swagger/
[INFO] 2025-11-30 19:28:10,681 Ответ готов: 200
[INFO] 2025-11-30 19:28:10,681 время обработки запроса = 0.010880231857299805
[INFO] 2025-11-30 19:28:10,990 Запрос пришёл: /swagger/
[INFO] 2025-11-30 19:28:11,015 Ответ готов: 200
[INFO] 2025-11-30 19:28:11,016 время обработки запроса = 0.02583932876586914
[INFO] 2025-11-30 19:28:45,580 Запрос пришёл: /api/cart/
[INFO] 2025-11-30 19:28:45,581 Ответ готов: 401
[INFO] 2025-11-30 19:28:45,581 время обработки запроса = 0.0013413429260253906
[INFO] 2025-11-30 19:29:13,131 Запрос пришёл: /api/token/
[INFO] 2025-11-30 19:29:13,815 Ответ готов: 200
[INFO] 2025-11-30 19:29:13,815 время обработки запроса = 0.6834514141082764
[INFO] 2025-11-30 19:29:41,366 Запрос пришёл: /api/cart/
[INFO] 2025-11-30 19:29:41,403 Ответ готов: 201
[INFO] 2025-11-30 19:29:41,404 время обработки запроса = 0.03795576095581055
[INFO] 2025-11-30 19:29:57,638 Запрос пришёл: /api/cart/
[INFO] 2025-11-30 19:29:57,657 Ответ готов: 200
[INFO] 2025-11-30 19:29:57,657 время обработки запроса = 0.01923346519470215
[INFO] 2025-11-30 19:30:23,530 Запрос пришёл: /api/cart/1/
[INFO] 2025-11-30 19:30:23,552 Ответ готов: 204
[INFO] 2025-11-30 19:30:23,552 время обработки запроса = 0.021682024002075195
[INFO] 2025-11-30 19:37:08,434 Запрос пришёл: /swagger/
[INFO] 2025-11-30 19:37:08,464 Ответ готов: 200
[INFO] 2025-11-30 19:37:08,464 время обработки запроса = 0.030270099639892578
[INFO] 2025-11-30 19:37:08,775 Запрос пришёл: /swagger/
[INFO] 2025-11-30 19:37:08,800 Ответ готов: 200
[INFO] 2025-11-30 19:37:08,800 время обработки запроса = 0.02584671974182129
[INFO] 2025-11-30 19:39:46,425 Запрос пришёл: /admin/myapp/product/
[INFO] 2025-11-30 19:39:46,656 Ответ готов: 200
[INFO] 2025-11-30 19:39:46,657 время обработки запроса = 0.23169851303100586
[INFO] 2025-11-30 19:39:47,071 Запрос пришёл: /favicon.ico
[INFO] 2025-11-30 19:39:47,077 Ответ готов: 404
[INFO] 2025-11-30 19:39:47,077 время обработки запроса = 0.00568079948425293
[INFO] 2025-11-30 19:39:54,171 Запрос пришёл: /admin/token_blacklist/blacklistedtoken/
[INFO] 2025-11-30 19:39:54,212 Ответ готов: 200
[INFO] 2025-11-30 19:39:54,212 время обработки запроса = 0.0410304069519043
[INFO] 2025-11-30 19:39:54,276 Запрос пришёл: /admin/jsi18n/
[INFO] 2025-11-30 19:39:54,330 Ответ готов: 200
[INFO] 2025-11-30 19:39:54,332 время обработки запроса = 0.05586099624633789
[INFO] 2025-11-30 19:39:54,502 Запрос пришёл: /favicon.ico
[INFO] 2025-11-30 19:39:54,511 Ответ готов: 404
[INFO] 2025-11-30 19:39:54,511 время обработки запроса = 0.009445905685424805
[INFO] 2025-11-30 20:18:06,622 >>> задача выполнена
[INFO] 2025-12-03 11:45:16,081 Запрос пришёл: /
[INFO] 2025-12-03 11:45:16,228 Ответ готов: 200
[INFO] 2025-12-03 11:45:16,229 время обработки запроса = 0.1468815803527832
[INFO] 2025-12-03 11:53:34,578 Запрос пришёл: /
[INFO] 2025-12-03 11:53:34,666 Ответ готов: 200
[INFO] 2025-12-03 11:53:34,666 время обработки запроса = 0.0881497859954834
[INFO] 2025-12-03 11:53:49,554 >>> задача выполнена
[INFO] 2025-12-03 11:54:49,557 >>> задача выполнена
[INFO] 2025-12-03 11:55:49,554 >>> задача выполнена
[INFO] 2025-12-03 11:56:49,553 >>> задача выполнена
[INFO] 2025-12-03 11:57:49,564 >>> задача выполнена
[INFO] 2025-12-03 12:00:40,063 Запуск задачи dollar_to_byn
[INFO] 2025-12-03 12:00:40,063 >>> задача выполнена
[INFO] 2025-12-03 12:00:40,164 Курс: 2.8997
[INFO] 2025-12-03 12:01:25,738 Запрос пришёл: /
[INFO] 2025-12-03 12:01:25,835 Ответ готов: 200
[INFO] 2025-12-03 12:01:25,835 время обработки запроса = 0.09703588485717773
[INFO] 2025-12-03 12:01:29,450 Запрос пришёл: /product/4/
[INFO] 2025-12-03 12:01:29,574 Ответ готов: 200
[INFO] 2025-12-03 12:01:29,574 время обработки запроса = 0.12458658218383789
[INFO] 2025-12-03 12:01:40,059 >>> задача выполнена
[INFO] 2025-12-03 12:01:40,059 Запуск задачи dollar_to_byn
[INFO] 2025-12-03 12:01:40,187 Курс: 2.8997
[INFO] 2025-12-03 12:03:39,537 Запрос пришёл: /
[INFO] 2025-12-03 12:03:39,539 Ответ готов: 200
[INFO] 2025-12-03 12:03:39,539 время обработки запроса = 0.0021369457244873047
[INFO] 2025-12-03 12:09:28,075 Запрос пришёл: /
[INFO] 2025-12-03 12:09:28,165 Ответ готов: 200
[INFO] 2025-12-03 12:09:28,165 время обработки запроса = 0.0903012752532959
[INFO] 2025-12-03 12:09:31,371 Запрос пришёл: /
[INFO] 2025-12-03 12:09:31,374 Ответ готов: 200
[INFO] 2025-12-03 12:09:31,374 время обработки запроса = 0.003052949905395508
[INFO] 2025-12-03 12:09:35,907 Запрос пришёл: /product/4/
[INFO] 2025-12-03 12:09:35,969 Ответ готов: 200
[INFO] 2025-12-03 12:09:35,969 время обработки запроса = 0.06217646598815918
[INFO] 2025-12-03 12:09:38,813 Запрос пришёл: /product/4/
[INFO] 2025-12-03 12:09:38,836 Ответ готов: 200
[INFO] 2025-12-03 12:09:38,836 время обработки запроса = 0.023378610610961914
[INFO] 2025-12-03 12:10:03,648 Запрос пришёл: /admin/
[INFO] 2025-12-03 12:10:03,713 Ответ готов: 200
[INFO] 2025-12-03 12:10:03,713 время обработки запроса = 0.06461882591247559
[INFO] 2025-12-03 12:10:08,059 Запрос пришёл: /admin/myapp/product/add/
[INFO] 2025-12-03 12:10:08,172 Ответ готов: 200
[INFO] 2025-12-03 12:10:08,173 время обработки запроса = 0.11366128921508789
[INFO] 2025-12-03 12:10:08,256 Запрос пришёл: /admin/jsi18n/
[INFO] 2025-12-03 12:10:08,319 Ответ готов: 200
[INFO] 2025-12-03 12:10:08,319 время обработки запроса = 0.0630042552947998
[INFO] 2025-12-03 12:10:13,073 Запрос пришёл: /admin/myapp/product/add/
[INFO] 2025-12-03 12:10:13,140 Ответ готов: 200
[INFO] 2025-12-03 12:10:13,140 время обработки запроса = 0.06673622131347656
[INFO] 2025-12-03 12:10:13,189 Запрос пришёл: /admin/jsi18n/
[INFO] 2025-12-03 12:10:13,217 Ответ готов: 200
[INFO] 2025-12-03 12:10:13,217 время обработки запроса = 0.028296947479248047
[INFO] 2025-12-03 12:10:29,910 Запрос пришёл: /admin/myapp/product/add/
[INFO] 2025-12-03 12:10:29,954 Ответ готов: 302
[INFO] 2025-12-03 12:10:29,954 время обработки запроса = 0.04332375526428223
[INFO] 2025-12-03 12:10:29,959 Запрос пришёл: /admin/myapp/product/
[INFO] 2025-12-03 12:10:30,048 Ответ готов: 200
[INFO] 2025-12-03 12:10:30,048 время обработки запроса = 0.08871912956237793
[INFO] 2025-12-03 12:10:30,166 Запрос пришёл: /admin/jsi18n/
[INFO] 2025-12-03 12:10:30,218 Ответ готов: 200
[INFO] 2025-12-03 12:10:30,219 время обработки запроса = 0.052327632904052734
[INFO] 2025-12-03 12:10:34,471 Запрос пришёл: /
[INFO] 2025-12-03 12:10:34,582 Запуск задачи dollar_to_byn
[INFO] 2025-12-03 12:10:34,677 Курс: 2.8997
[INFO] 2025-12-03 12:10:34,693 Запуск задачи dollar_to_byn
[INFO] 2025-12-03 12:10:34,815 Курс: 2.8997
[INFO] 2025-12-03 12:10:34,834 Запуск задачи dollar_to_byn
[INFO] 2025-12-03 12:10:34,963 Курс: 2.8997
[INFO] 2025-12-03 12:10:34,973 Запуск задачи dollar_to_byn
[INFO] 2025-12-03 12:10:35,105 Курс: 2.8997
[INFO] 2025-12-03 12:10:35,124 Запуск задачи dollar_to_byn
[INFO] 2025-12-03 12:10:35,210 Курс: 2.8997
[INFO] 2025-12-03 12:10:35,227 Запуск задачи dollar_to_byn
[INFO] 2025-12-03 12:10:35,339 Курс: 2.8997
[INFO] 2025-12-03 12:10:35,356 Запуск задачи dollar_to_byn
[INFO] 2025-12-03 12:10:35,429 Курс: 2.8997
[INFO] 2025-12-03 12:10:35,436 Запуск задачи dollar_to_byn
[INFO] 2025-12-03 12:10:35,534 Курс: 2.8997
[INFO] 2025-12-03 12:10:35,544 Запуск задачи dollar_to_byn
[INFO] 2025-12-03 12:10:35,636 Курс: 2.8997
[INFO] 2025-12-03 12:10:35,647 Запуск задачи dollar_to_byn
[INFO] 2025-12-03 12:10:35,756 Курс: 2.8997
[INFO] 2025-12-03 12:10:35,776 Запуск задачи dollar_to_byn
[INFO] 2025-12-03 12:10:35,944 Курс: 2.8997
[INFO] 2025-12-03 12:10:35,962 Ответ готов: 200
[INFO] 2025-12-03 12:10:35,962 время обработки запроса = 1.4912211894989014
[INFO] 2025-12-03 12:13:18,100 Запрос пришёл: /admin/myapp/product/
[INFO] 2025-12-03 12:13:18,160 Ответ готов: 200
[INFO] 2025-12-03 12:13:18,161 время обработки запроса = 0.06056952476501465
[INFO] 2025-12-03 12:13:19,924 Запрос пришёл: /admin/myapp/product/
[INFO] 2025-12-03 12:13:19,964 Ответ готов: 302
[INFO] 2025-12-03 12:13:19,964 время обработки запроса = 0.04036116600036621
[INFO] 2025-12-03 12:13:19,974 Запрос пришёл: /admin/myapp/product/
[INFO] 2025-12-03 12:13:20,096 Ответ готов: 200
[INFO] 2025-12-03 12:13:20,096 время обработки запроса = 0.1219625473022461
[INFO] 2025-12-03 12:13:20,214 Запрос пришёл: /admin/jsi18n/
[INFO] 2025-12-03 12:13:20,249 Ответ готов: 200
[INFO] 2025-12-03 12:13:20,249 время обработки запроса = 0.03494143486022949
[INFO] 2025-12-03 12:13:23,697 Запрос пришёл: /admin/myapp/product/add/
[INFO] 2025-12-03 12:13:23,766 Ответ готов: 200
[INFO] 2025-12-03 12:13:23,766 время обработки запроса = 0.06911563873291016
[INFO] 2025-12-03 12:13:23,856 Запрос пришёл: /admin/jsi18n/
[INFO] 2025-12-03 12:13:23,901 Ответ готов: 200
[INFO] 2025-12-03 12:13:23,901 время обработки запроса = 0.0444035530090332
[INFO] 2025-12-03 12:13:26,582 Запрос пришёл: /
[INFO] 2025-12-03 12:13:26,583 Ответ готов: 200
[INFO] 2025-12-03 12:13:26,584 время обработки запроса = 0.002022981643676758
[INFO] 2025-12-03 12:13:27,854 Запрос пришёл: /
[INFO] 2025-12-03 12:13:27,858 Ответ готов: 200
[INFO] 2025-12-03 12:13:27,858 время обработки запроса = 0.004563808441162109
[INFO] 2025-12-03 12:13:51,928 Запрос пришёл: /admin/myapp/product/add/
[INFO] 2025-12-03 12:13:51,970 Ответ готов: 302
[INFO] 2025-12-03 12:13:51,970 время обработки запроса = 0.041593313217163086
[INFO] 2025-12-03 12:13:51,978 Запрос пришёл: /admin/myapp/product/
[INFO] 2025-12-03 12:13:52,032 Ответ готов: 200
[INFO] 2025-12-03 12:13:52,032 время обработки запроса = 0.05473637580871582
[INFO] 2025-12-03 12:13:52,142 Запрос пришёл: /admin/jsi18n/
[INFO] 2025-12-03 12:13:52,184 Ответ готов: 200
[INFO] 2025-12-03 12:13:52,184 время обработки запроса = 0.041535139083862305
[INFO] 2025-12-03 12:13:55,827 Запрос пришёл: /
[INFO] 2025-12-03 12:13:55,881 Запуск задачи dollar_to_byn
[INFO] 2025-12-03 12:13:55,996 Курс: 2.8997
[INFO] 2025-12-03 12:13:56,010 Запуск задачи dollar_to_byn
[INFO] 2025-12-03 12:13:56,110 Курс: 2.8997
[INFO] 2025-12-03 12:13:56,119 Запуск задачи dollar_to_byn
[INFO] 2025-12-03 12:13:56,213 Курс: 2.8997
[INFO] 2025-12-03 12:13:56,225 Запуск задачи dollar_to_byn
[INFO] 2025-12-03 12:13:56,317 Курс: 2.8997
[INFO] 2025-12-03 12:13:56,331 Запуск задачи dollar_to_byn
[INFO] 2025-12-03 12:13:56,423 Курс: 2.8997
[INFO] 2025-12-03 12:13:56,432 Запуск задачи dollar_to_byn
[INFO] 2025-12-03 12:13:56,533 Курс: 2.8997
[INFO] 2025-12-03 12:13:56,544 Запуск задачи dollar_to_byn
[INFO] 2025-12-03 12:13:56,644 Курс: 2.8997
[INFO] 2025-12-03 12:13:56,656 Запуск задачи dollar_to_byn
[INFO] 2025-12-03 12:13:56,734 Курс: 2.8997
[INFO] 2025-12-03 12:13:56,744 Запуск задачи dollar_to_byn
[INFO] 2025-12-03 12:13:56,825 Курс: 2.8997
[INFO] 2025-12-03 12:13:56,831 Запуск задачи dollar_to_byn
[INFO] 2025-12-03 12:13:56,919 Курс: 2.8997
[INFO] 2025-12-03 12:13:56,926 Запуск задачи dollar_to_byn
[INFO] 2025-12-03 12:13:57,000 Курс: 2.8997
[INFO] 2025-12-03 12:13:57,004 Ответ готов: 200
[INFO] 2025-12-03 12:13:57,004 время обработки запроса = 1.177812099456787
[INFO] 2025-12-04 09:49:55,344 >>> задача выполнена
[INFO] 2025-12-04 09:50:33,627 Запрос пришёл: /
[ERROR] 2025-12-04 09:50:34,148 Ошибка: conversion from function to Decimal is not supported
[ERROR] 2025-12-04 09:50:34,152 Ошибка: conversion from function to Decimal is not supported
[ERROR] 2025-12-04 09:50:34,160 Ошибка: conversion from function to Decimal is not supported
[ERROR] 2025-12-04 09:50:34,161 Ошибка: conversion from function to Decimal is not supported
[ERROR] 2025-12-04 09:50:34,162 Ошибка: conversion from function to Decimal is not supported
[ERROR] 2025-12-04 09:50:34,166 Ошибка: conversion from function to Decimal is not supported
[ERROR] 2025-12-04 09:50:34,167 Ошибка: conversion from function to Decimal is not supported
[ERROR] 2025-12-04 09:50:34,171 Ошибка: conversion from function to Decimal is not supported
[ERROR] 2025-12-04 09:50:34,172 Ошибка: conversion from function to Decimal is not supported
[ERROR] 2025-12-04 09:50:34,177 Ошибка: conversion from function to Decimal is not supported
[ERROR] 2025-12-04 09:50:34,178 Ошибка: conversion from function to Decimal is not supported
[INFO] 2025-12-04 09:50:34,190 Ответ готов: 200
[INFO] 2025-12-04 09:50:34,190 время обработки запроса = 0.5637867450714111
[INFO] 2025-12-04 09:50:55,337 >>> задача выполнена
[INFO] 2025-12-04 09:52:08,521 Запуск задачи dollar_to_byn
[INFO] 2025-12-04 09:52:08,528 >>> задача выполнена
[INFO] 2025-12-04 09:52:08,647 Курс: 2.9087
[INFO] 2025-12-04 09:57:23,219 Запуск задачи dollar_to_byn
[INFO] 2025-12-04 09:57:23,425 Курс: 2.9087
[INFO] 2025-12-04 09:57:50,355 Запрос пришёл: /
[INFO] 2025-12-04 09:57:50,602 Ответ готов: 200
[INFO] 2025-12-04 09:57:50,603 время обработки запроса = 0.24822211265563965
[INFO] 2025-12-04 09:57:53,233 Запрос пришёл: /
[INFO] 2025-12-04 09:57:53,239 Ответ готов: 200
[INFO] 2025-12-04 09:57:53,239 время обработки запроса = 0.008713006973266602
[INFO] 2025-12-04 09:58:23,169 Запуск задачи dollar_to_byn
[INFO] 2025-12-04 09:58:23,258 Курс: 2.9087
[INFO] 2025-12-04 09:58:37,593 Запрос пришёл: /
[INFO] 2025-12-04 09:58:37,600 Ответ готов: 200
[INFO] 2025-12-04 09:58:37,600 время обработки запроса = 0.007020235061645508
[INFO] 2025-12-04 09:58:39,177 Запрос пришёл: /
[INFO] 2025-12-04 09:58:39,179 Ответ готов: 200
[INFO] 2025-12-04 09:58:39,179 время обработки запроса = 0.0018987655639648438
[INFO] 2025-12-04 09:58:39,534 Запрос пришёл: /
[INFO] 2025-12-04 09:58:39,538 Ответ готов: 200
[INFO] 2025-12-04 09:58:39,539 время обработки запроса = 0.005191326141357422
[INFO] 2025-12-04 09:58:39,827 Запрос пришёл: /
[INFO] 2025-12-04 09:58:39,836 Ответ готов: 200
[INFO] 2025-12-04 09:58:39,837 время обработки запроса = 0.008831024169921875
[INFO] 2025-12-04 09:58:40,173 Запрос пришёл: /
[INFO] 2025-12-04 09:58:40,176 Ответ готов: 200
[INFO] 2025-12-04 09:58:40,178 время обработки запроса = 0.004729032516479492
[INFO] 2025-12-04 09:59:23,160 Запуск задачи dollar_to_byn
[INFO] 2025-12-04 09:59:23,232 Курс: 2.9087
[INFO] 2025-12-04 10:00:23,162 Запуск задачи dollar_to_byn
[INFO] 2025-12-04 10:00:23,264 Курс: 2.9087
[INFO] 2025-12-04 10:01:23,171 Запуск задачи dollar_to_byn
[INFO] 2025-12-04 10:01:26,586 Курс: 2.9087
[INFO] 2025-12-04 10:02:23,176 Запуск задачи dollar_to_byn
[INFO] 2025-12-04 10:02:23,419 Курс: 2.9087
[INFO] 2025-12-04 10:03:23,187 Запуск задачи dollar_to_byn
[INFO] 2025-12-04 10:03:23,607 Курс: 2.9087
[INFO] 2025-12-04 10:04:23,201 Запуск задачи dollar_to_byn
[INFO] 2025-12-04 10:04:23,413 Курс: 2.9087
[INFO] 2025-12-04 10:05:23,192 Запуск задачи dollar_to_byn
[INFO] 2025-12-04 10:05:23,411 Курс: 2.9087
[INFO] 2025-12-04 10:06:23,330 Запуск задачи dollar_to_byn
[INFO] 2025-12-04 10:06:24,019 Курс: 2.9087
[INFO] 2025-12-04 10:07:23,214 Запуск задачи dollar_to_byn
[INFO] 2025-12-04 10:07:23,371 Курс: 2.9087
[INFO] 2025-12-04 10:08:23,213 Запуск задачи dollar_to_byn
[INFO] 2025-12-04 10:08:23,314 Курс: 2.9087
[INFO] 2025-12-04 10:09:23,207 Запуск задачи dollar_to_byn
[INFO] 2025-12-04 10:09:23,292 Курс: 2.9087
[INFO] 2025-12-04 10:10:23,207 Запуск задачи dollar_to_byn
[INFO] 2025-12-04 10:10:23,303 Курс: 2.9087
[INFO] 2025-12-04 10:13:24,120 Запуск задачи dollar_to_byn
[INFO] 2025-12-04 10:13:24,565 Курс: 2.9087
[INFO] 2025-12-04 10:13:56,171 Запрос пришёл: /
[INFO] 2025-12-04 10:13:56,562 Ответ готов: 200
[INFO] 2025-12-04 10:13:56,562 время обработки запроса = 0.3914632797241211
[INFO] 2025-12-04 10:13:58,722 Запрос пришёл: /
[INFO] 2025-12-04 10:13:58,724 Ответ готов: 200
[INFO] 2025-12-04 10:13:58,724 время обработки запроса = 0.0020499229431152344
[INFO] 2025-12-04 10:14:00,394 Запрос пришёл: /
[INFO] 2025-12-04 10:14:00,396 Ответ готов: 200
[INFO] 2025-12-04 10:14:00,396 время обработки запроса = 0.0019690990447998047
[INFO] 2025-12-04 10:14:01,499 Запрос пришёл: /
[INFO] 2025-12-04 10:14:01,500 Ответ готов: 200
[INFO] 2025-12-04 10:14:01,500 время обработки запроса = 0.001573801040649414
[INFO] 2025-12-04 10:14:07,093 Запрос пришёл: /
[INFO] 2025-12-04 10:14:07,095 Ответ готов: 200
[INFO] 2025-12-04 10:14:07,095 время обработки запроса = 0.0017714500427246094
[INFO] 2025-12-04 10:14:18,807 Запрос пришёл: /admin/
[INFO] 2025-12-04 10:14:18,996 Ответ готов: 200
[INFO] 2025-12-04 10:14:18,996 время обработки запроса = 0.18867778778076172
[INFO] 2025-12-04 10:14:23,981 Запуск задачи dollar_to_byn
[INFO] 2025-12-04 10:14:24,056 Курс: 2.9087
[INFO] 2025-12-04 10:14:25,773 Запрос пришёл: /admin/myapp/product/
[INFO] 2025-12-04 10:14:25,913 Ответ готов: 200
[INFO] 2025-12-04 10:14:25,913 время обработки запроса = 0.1405792236328125
[INFO] 2025-12-04 10:14:26,031 Запрос пришёл: /admin/jsi18n/
[INFO] 2025-12-04 10:14:26,161 Ответ готов: 200
[INFO] 2025-12-04 10:14:26,161 время обработки запроса = 0.13017868995666504
[INFO] 2025-12-04 10:14:32,024 Запрос пришёл: /admin/myapp/product/
[INFO] 2025-12-04 10:14:32,077 Ответ готов: 200
[INFO] 2025-12-04 10:14:32,078 время обработки запроса = 0.0536961555480957
[INFO] 2025-12-04 10:14:33,335 Запрос пришёл: /admin/myapp/product/
[INFO] 2025-12-04 10:14:33,403 Ответ готов: 302
[INFO] 2025-12-04 10:14:33,404 время обработки запроса = 0.06870317459106445
[INFO] 2025-12-04 10:14:33,415 Запрос пришёл: /admin/myapp/product/
[INFO] 2025-12-04 10:14:33,476 Ответ готов: 200
[INFO] 2025-12-04 10:14:33,476 время обработки запроса = 0.06124520301818848
[INFO] 2025-12-04 10:14:33,584 Запрос пришёл: /admin/jsi18n/
[INFO] 2025-12-04 10:14:33,642 Ответ готов: 200
[INFO] 2025-12-04 10:14:33,642 время обработки запроса = 0.05820584297180176
[INFO] 2025-12-04 10:14:38,029 Запрос пришёл: /admin/myapp/product/add/
[INFO] 2025-12-04 10:14:38,164 Ответ готов: 200
[INFO] 2025-12-04 10:14:38,164 время обработки запроса = 0.134901762008667
[INFO] 2025-12-04 10:14:38,240 Запрос пришёл: /admin/jsi18n/
[INFO] 2025-12-04 10:14:38,290 Ответ готов: 200
[INFO] 2025-12-04 10:14:38,290 время обработки запроса = 0.04982113838195801
[INFO] 2025-12-04 10:15:03,005 Запрос пришёл: /admin/myapp/product/add/
[INFO] 2025-12-04 10:15:03,066 Ответ готов: 302
[INFO] 2025-12-04 10:15:03,067 время обработки запроса = 0.061447858810424805
[INFO] 2025-12-04 10:15:03,080 Запрос пришёл: /admin/myapp/product/
[INFO] 2025-12-04 10:15:03,129 Ответ готов: 200
[INFO] 2025-12-04 10:15:03,129 время обработки запроса = 0.04926562309265137
[INFO] 2025-12-04 10:15:03,207 Запрос пришёл: /admin/jsi18n/
[INFO] 2025-12-04 10:15:03,230 Ответ готов: 200
[INFO] 2025-12-04 10:15:03,230 время обработки запроса = 0.02386617660522461
[INFO] 2025-12-04 10:15:23,983 Запуск задачи dollar_to_byn
[INFO] 2025-12-04 10:15:24,095 Курс: 2.9087
[INFO] 2025-12-04 10:15:27,103 Запрос пришёл: /admin/myapp/product/
[INFO] 2025-12-04 10:15:27,185 Ответ готов: 200
[INFO] 2025-12-04 10:15:27,186 время обработки запроса = 0.08282899856567383
[INFO] 2025-12-04 10:16:23,977 Запуск задачи dollar_to_byn
[INFO] 2025-12-04 10:16:24,067 Курс: 2.9087
[INFO] 2025-12-04 11:59:37,157 Запуск задачи dollar_to_byn
[INFO] 2025-12-04 11:59:37,286 Курс: 2.9087
[INFO] 2025-12-04 12:00:37,169 Запуск задачи dollar_to_byn
[INFO] 2025-12-04 12:00:37,350 Курс: 2.9087
[INFO] 2025-12-04 12:01:37,158 Запуск задачи dollar_to_byn
[INFO] 2025-12-04 12:01:37,346 Курс: 2.9087
[INFO] 2025-12-04 12:02:37,158 Запуск задачи dollar_to_byn
[INFO] 2025-12-04 12:02:37,258 Курс: 2.9087
[INFO] 2025-12-04 12:07:40,297 Запрос пришёл: /
[ERROR] 2025-12-04 12:07:40,762 Ошибка при расчетах в cur_dollar: unsupported operand type(s) for /: 'decimal.Decimal' and 'float'
[ERROR] 2025-12-04 12:07:40,766 Ошибка при расчетах в cur_dollar: unsupported operand type(s) for /: 'decimal.Decimal' and 'float'
[ERROR] 2025-12-04 12:07:40,773 Ошибка при расчетах в cur_dollar: unsupported operand type(s) for /: 'decimal.Decimal' and 'float'
[ERROR] 2025-12-04 12:07:40,779 Ошибка при расчетах в cur_dollar: unsupported operand type(s) for /: 'decimal.Decimal' and 'float'
[ERROR] 2025-12-04 12:07:40,780 Ошибка при расчетах в cur_dollar: unsupported operand type(s) for /: 'decimal.Decimal' and 'float'
[ERROR] 2025-12-04 12:07:40,784 Ошибка при расчетах в cur_dollar: unsupported operand type(s) for /: 'decimal.Decimal' and 'float'
[ERROR] 2025-12-04 12:07:40,786 Ошибка при расчетах в cur_dollar: unsupported operand type(s) for /: 'decimal.Decimal' and 'float'
[ERROR] 2025-12-04 12:07:40,789 Ошибка при расчетах в cur_dollar: unsupported operand type(s) for /: 'decimal.Decimal' and 'float'
[ERROR] 2025-12-04 12:07:40,792 Ошибка при расчетах в cur_dollar: unsupported operand type(s) for /: 'decimal.Decimal' and 'float'
[ERROR] 2025-12-04 12:07:40,794 Ошибка при расчетах в cur_dollar: unsupported operand type(s) for /: 'decimal.Decimal' and 'float'
[ERROR] 2025-12-04 12:07:40,795 Ошибка при расчетах в cur_dollar: unsupported operand type(s) for /: 'decimal.Decimal' and 'float'
[INFO] 2025-12-04 12:07:40,798 Ответ готов: 200
[INFO] 2025-12-04 12:07:40,799 время обработки запроса = 0.5018999576568604
[INFO] 2025-12-04 12:07:42,628 Запрос пришёл: /
[INFO] 2025-12-04 12:07:42,631 Ответ готов: 200
[INFO] 2025-12-04 12:07:42,631 время обработки запроса = 0.0025739669799804688
[INFO] 2025-12-04 12:07:44,660 Запрос пришёл: /
[INFO] 2025-12-04 12:07:44,662 Ответ готов: 200
[INFO] 2025-12-04 12:07:44,662 время обработки запроса = 0.002095460891723633
[INFO] 2025-12-04 12:08:29,092 Запрос пришёл: /
[INFO] 2025-12-04 12:08:29,203 Ответ готов: 200
[INFO] 2025-12-04 12:08:29,203 время обработки запроса = 0.11103677749633789
[INFO] 2025-12-04 12:08:46,825 Запрос пришёл: /
[INFO] 2025-12-04 12:08:46,827 Ответ готов: 200
[INFO] 2025-12-04 12:08:46,828 время обработки запроса = 0.0021588802337646484
[INFO] 2025-12-04 12:09:01,975 Запрос пришёл: /
[INFO] 2025-12-04 12:09:01,977 Ответ готов: 200
[INFO] 2025-12-04 12:09:01,977 время обработки запроса = 0.002549886703491211
[INFO] 2025-12-04 12:09:33,464 Запрос пришёл: /
[INFO] 2025-12-04 12:09:33,466 Ответ готов: 200
[INFO] 2025-12-04 12:09:33,466 время обработки запроса = 0.002804279327392578
[INFO] 2025-12-04 12:10:02,463 Запрос пришёл: /admin/myapp/product/
[INFO] 2025-12-04 12:10:02,642 Ответ готов: 200
[INFO] 2025-12-04 12:10:02,642 время обработки запроса = 0.17899203300476074
[INFO] 2025-12-04 12:10:04,287 Запрос пришёл: /admin/myapp/product/
[INFO] 2025-12-04 12:10:04,322 Ответ готов: 302
[INFO] 2025-12-04 12:10:04,322 время обработки запроса = 0.035315513610839844
[INFO] 2025-12-04 12:10:04,332 Запрос пришёл: /admin/myapp/product/
[INFO] 2025-12-04 12:10:04,413 Ответ готов: 200
[INFO] 2025-12-04 12:10:04,413 время обработки запроса = 0.08153176307678223
[INFO] 2025-12-04 12:10:04,554 Запрос пришёл: /admin/jsi18n/
[INFO] 2025-12-04 12:10:04,598 Ответ готов: 200
[INFO] 2025-12-04 12:10:04,598 время обработки запроса = 0.04457354545593262
[INFO] 2025-12-04 12:10:05,438 Запрос пришёл: /admin/myapp/product/add/
[INFO] 2025-12-04 12:10:05,516 Ответ готов: 200
[INFO] 2025-12-04 12:10:05,517 время обработки запроса = 0.07924437522888184
[INFO] 2025-12-04 12:10:05,569 Запрос пришёл: /admin/jsi18n/
[INFO] 2025-12-04 12:10:05,603 Ответ готов: 200
[INFO] 2025-12-04 12:10:05,603 время обработки запроса = 0.03456854820251465
[INFO] 2025-12-04 12:10:10,127 Запрос пришёл: /admin/myapp/product/add/
[INFO] 2025-12-04 12:10:10,186 Ответ готов: 200
[INFO] 2025-12-04 12:10:10,186 время обработки запроса = 0.05904793739318848
[INFO] 2025-12-04 12:10:10,237 Запрос пришёл: /admin/jsi18n/
[INFO] 2025-12-04 12:10:10,273 Ответ готов: 200
[INFO] 2025-12-04 12:10:10,273 время обработки запроса = 0.036633968353271484
[INFO] 2025-12-04 12:10:24,374 Запрос пришёл: /admin/myapp/product/add/
[INFO] 2025-12-04 12:10:24,422 Ответ готов: 302
[INFO] 2025-12-04 12:10:24,422 время обработки запроса = 0.047992706298828125
[INFO] 2025-12-04 12:10:24,429 Запрос пришёл: /admin/myapp/product/
[INFO] 2025-12-04 12:10:24,471 Ответ готов: 200
[INFO] 2025-12-04 12:10:24,471 время обработки запроса = 0.04230809211730957
[INFO] 2025-12-04 12:10:24,558 Запрос пришёл: /admin/jsi18n/
[INFO] 2025-12-04 12:10:24,592 Ответ готов: 200
[INFO] 2025-12-04 12:10:24,592 время обработки запроса = 0.03429675102233887
[INFO] 2025-12-04 12:10:42,383 Запрос пришёл: /
[WARNING] 2025-12-04 12:10:42,411 Курс доллара не найден в кешировании
[WARNING] 2025-12-04 12:10:42,414 Курс доллара не найден в кешировании
[WARNING] 2025-12-04 12:10:42,415 Курс доллара не найден в кешировании
[WARNING] 2025-12-04 12:10:42,416 Курс доллара не найден в кешировании
[WARNING] 2025-12-04 12:10:42,416 Курс доллара не найден в кешировании
[WARNING] 2025-12-04 12:10:42,417 Курс доллара не найден в кешировании
[WARNING] 2025-12-04 12:10:42,418 Курс доллара не найден в кешировании
[WARNING] 2025-12-04 12:10:42,420 Курс доллара не найден в кешировании
[WARNING] 2025-12-04 12:10:42,421 Курс доллара не найден в кешировании
[WARNING] 2025-12-04 12:10:42,422 Курс доллара не найден в кешировании
[WARNING] 2025-12-04 12:10:42,423 Курс доллара не найден в кешировании
[INFO] 2025-12-04 12:10:42,428 Ответ готов: 200
[INFO] 2025-12-04 12:10:42,428 время обработки запроса = 0.04534196853637695
[INFO] 2025-12-04 12:10:46,610 Запрос пришёл: /
[INFO] 2025-12-04 12:10:46,611 Ответ готов: 200
[INFO] 2025-12-04 12:10:46,611 время обработки запроса = 0.0012848377227783203
[INFO] 2025-12-04 12:12:16,043 Запрос пришёл: /admin/myapp/product/
[INFO] 2025-12-04 12:12:16,073 Ответ готов: 200
[INFO] 2025-12-04 12:12:16,073 время обработки запроса = 0.0303347110748291
[INFO] 2025-12-04 12:12:17,376 Запрос пришёл: /admin/myapp/product/
[INFO] 2025-12-04 12:12:17,440 Ответ готов: 302
[INFO] 2025-12-04 12:12:17,440 время обработки запроса = 0.0641019344329834
[INFO] 2025-12-04 12:12:17,456 Запрос пришёл: /admin/myapp/product/
[INFO] 2025-12-04 12:12:17,513 Ответ готов: 200
[INFO] 2025-12-04 12:12:17,513 время обработки запроса = 0.05755209922790527
[INFO] 2025-12-04 12:12:17,645 Запрос пришёл: /admin/jsi18n/
[INFO] 2025-12-04 12:12:17,687 Ответ готов: 200
[INFO] 2025-12-04 12:12:17,688 время обработки запроса = 0.04202842712402344
[INFO] 2025-12-04 12:12:21,322 Запрос пришёл: /admin/myapp/product/add/
[INFO] 2025-12-04 12:12:21,367 Ответ готов: 200
[INFO] 2025-12-04 12:12:21,367 время обработки запроса = 0.045452117919921875
[INFO] 2025-12-04 12:12:21,419 Запрос пришёл: /admin/jsi18n/
[INFO] 2025-12-04 12:12:21,452 Ответ готов: 200
[INFO] 2025-12-04 12:12:21,452 время обработки запроса = 0.03325080871582031
[INFO] 2025-12-04 12:12:24,592 Запрос пришёл: /admin/myapp/product/add/
[INFO] 2025-12-04 12:12:24,647 Ответ готов: 200
[INFO] 2025-12-04 12:12:24,648 время обработки запроса = 0.05612063407897949
[INFO] 2025-12-04 12:12:24,711 Запрос пришёл: /admin/jsi18n/
[INFO] 2025-12-04 12:12:24,761 Ответ готов: 200
[INFO] 2025-12-04 12:12:24,762 время обработки запроса = 0.05095863342285156
[INFO] 2025-12-04 12:12:38,912 Запрос пришёл: /admin/myapp/product/add/
[INFO] 2025-12-04 12:12:38,955 Ответ готов: 302
[INFO] 2025-12-04 12:12:38,955 время обработки запроса = 0.043032169342041016
[INFO] 2025-12-04 12:12:38,967 Запрос пришёл: /admin/myapp/product/
[INFO] 2025-12-04 12:12:39,028 Ответ готов: 200
[INFO] 2025-12-04 12:12:39,028 время обработки запроса = 0.061148643493652344
[INFO] 2025-12-04 12:12:39,225 Запрос пришёл: /admin/jsi18n/
[INFO] 2025-12-04 12:12:39,263 Ответ готов: 200
[INFO] 2025-12-04 12:12:39,263 время обработки запроса = 0.037964820861816406
[INFO] 2025-12-04 12:12:59,562 Запуск задачи dollar_to_byn
[INFO] 2025-12-04 12:12:59,714 Курс: 2.9087
[INFO] 2025-12-04 12:13:55,856 Запуск задачи dollar_to_byn
[INFO] 2025-12-04 12:13:56,873 Курс: 2.9087
[INFO] 2025-12-04 12:14:40,918 Запрос пришёл: /
[INFO] 2025-12-04 12:14:41,045 Ответ готов: 200
[INFO] 2025-12-04 12:14:41,045 время обработки запроса = 0.12670230865478516
[INFO] 2025-12-07 13:14:15,203 Запрос пришёл: /
[INFO] 2025-12-07 13:14:15,392 Ответ готов: 200
[INFO] 2025-12-07 13:14:15,392 время обработки запроса = 0.1889495849609375
[INFO] 2025-12-07 13:14:15,894 Запрос пришёл: /favicon.ico
[INFO] 2025-12-07 13:14:15,902 Ответ готов: 404
[INFO] 2025-12-07 13:14:15,902 время обработки запроса = 0.00738215446472168
