[INFO] 2025-11-30 16:00:54,330 Watching for file changes with StatReloader
[INFO] 2025-11-30 16:01:03,026 "GET /product/7/ HTTP/1.1" 200 3292
[WARNING] 2025-11-30 16:01:03,170 "GET /static/css/styles.css HTTP/1.1" 404 1856
[INFO] 2025-11-30 16:02:22,410 "GET /product/7/ HTTP/1.1" 200 3292
[WARNING] 2025-11-30 16:02:22,668 "GET /static/css/styles.css HTTP/1.1" 404 1856
[INFO] 2025-11-30 16:07:16,828 /home/vboxuser/PycharmProjects/djanga_magaz/myproject/celery.py changed, reloading.
[INFO] 2025-11-30 16:07:18,150 Watching for file changes with StatReloader
[INFO] 2025-11-30 16:19:25,732 /home/vboxuser/PycharmProjects/djanga_magaz/myproject/celery.py changed, reloading.
[INFO] 2025-11-30 16:19:26,969 Watching for file changes with StatReloader
[INFO] 2025-11-30 16:36:02,695 /home/vboxuser/PycharmProjects/djanga_magaz/myproject/settings.py changed, reloading.
[INFO] 2025-11-30 16:36:04,843 Watching for file changes with StatReloader
[INFO] 2025-11-30 16:37:21,750 /home/vboxuser/PycharmProjects/djanga_magaz/myproject/settings.py changed, reloading.
[INFO] 2025-11-30 16:37:23,006 Watching for file changes with StatReloader
[INFO] 2025-11-30 16:37:23,819 "GET / HTTP/1.1" 200 13161
[WARNING] 2025-11-30 16:37:23,936 "GET /static/css/styles.css HTTP/1.1" 404 1856
[INFO] 2025-11-30 16:37:47,404 "GET /product/8/ HTTP/1.1" 200 3298
[WARNING] 2025-11-30 16:37:47,511 "GET /static/css/styles.css HTTP/1.1" 404 1856
[INFO] 2025-11-30 16:47:53,181 "GET /product/8/ HTTP/1.1" 200 3298
[WARNING] 2025-11-30 16:47:53,507 Not Found: /favicon.ico
[WARNING] 2025-11-30 16:47:53,508 "GET /favicon.ico HTTP/1.1" 404 6273
[INFO] 2025-11-30 16:48:25,128 "GET /admin/myapp/product/ HTTP/1.1" 200 18889
[INFO] 2025-11-30 16:48:25,244 "GET /static/admin/img/search.svg HTTP/1.1" 200 458
[INFO] 2025-11-30 16:48:25,252 "GET /static/admin/css/responsive.css HTTP/1.1" 200 16565
[INFO] 2025-11-30 16:48:25,258 "GET /static/admin/img/icon-yes.svg HTTP/1.1" 200 436
[INFO] 2025-11-30 16:48:25,412 "GET /static/admin/img/icon-addlink.svg HTTP/1.1" 200 331
[INFO] 2025-11-30 16:48:25,416 "GET /static/admin/img/icon-viewlink.svg HTTP/1.1" 200 581
[INFO] 2025-11-30 16:48:25,418 "GET /static/admin/img/tooltag-add.svg HTTP/1.1" 200 331
[INFO] 2025-11-30 16:48:31,696 "GET /admin/myapp/product/10/change/ HTTP/1.1" 200 21619
[INFO] 2025-11-30 16:48:31,840 "GET /static/admin/css/forms.css HTTP/1.1" 200 8525
[INFO] 2025-11-30 16:48:31,851 "GET /static/admin/js/inlines.js HTTP/1.1" 200 15628
[INFO] 2025-11-30 16:48:31,852 "GET /static/admin/js/prepopulate_init.js HTTP/1.1" 304 0
[INFO] 2025-11-30 16:48:31,852 "GET /static/admin/js/change_form.js HTTP/1.1" 304 0
[INFO] 2025-11-30 16:48:31,855 "GET /admin/jsi18n/ HTTP/1.1" 200 3342
[INFO] 2025-11-30 16:48:31,859 "GET /static/admin/img/icon-changelink.svg HTTP/1.1" 200 380
[INFO] 2025-11-30 16:48:31,860 "GET /static/admin/img/icon-deletelink.svg HTTP/1.1" 200 392
[INFO] 2025-11-30 16:48:31,871 "GET /static/admin/css/widgets.css HTTP/1.1" 304 0
[INFO] 2025-11-30 16:48:32,011 "GET /static/admin/img/inline-delete.svg HTTP/1.1" 200 537
[INFO] 2025-11-30 16:48:39,229 "POST /admin/myapp/product/10/change/ HTTP/1.1" 302 0
[INFO] 2025-11-30 16:48:39,310 "GET /admin/myapp/product/ HTTP/1.1" 200 19107
[INFO] 2025-11-30 16:48:39,451 "GET /admin/jsi18n/ HTTP/1.1" 200 3342
[WARNING] 2025-11-30 16:48:46,462 "GET /static/css/styles.css HTTP/1.1" 404 1856
[INFO] 2025-11-30 16:48:55,101 "GET /product/10/ HTTP/1.1" 200 3285
[WARNING] 2025-11-30 16:48:55,396 "GET /static/css/styles.css HTTP/1.1" 404 1856
[INFO] 2025-11-30 16:51:09,802 "GET / HTTP/1.1" 200 13161
[WARNING] 2025-11-30 16:51:09,924 "GET /static/css/styles.css HTTP/1.1" 404 1856
[INFO] 2025-11-30 16:51:11,597 "GET / HTTP/1.1" 200 13161
[WARNING] 2025-11-30 16:51:11,654 "GET /static/css/styles.css HTTP/1.1" 404 1856
[INFO] 2025-11-30 16:51:17,272 "GET /product/1/ HTTP/1.1" 200 3268
[WARNING] 2025-11-30 16:51:17,429 "GET /static/css/styles.css HTTP/1.1" 404 1856
[INFO] 2025-11-30 16:51:21,976 "GET / HTTP/1.1" 200 13161
[WARNING] 2025-11-30 16:51:22,005 "GET /static/css/styles.css HTTP/1.1" 404 1856
[INFO] 2025-11-30 16:52:04,945 Watching for file changes with StatReloader
[INFO] 2025-11-30 16:52:11,061 "GET / HTTP/1.1" 200 13161
[WARNING] 2025-11-30 16:52:11,274 "GET /static/css/styles.css HTTP/1.1" 404 1856
[INFO] 2025-11-30 16:59:21,538 /home/vboxuser/PycharmProjects/djanga_magaz/myproject/middleware/request_timer.py changed, reloading.
[INFO] 2025-11-30 16:59:24,480 Watching for file changes with StatReloader
[INFO] 2025-11-30 17:00:26,377 /home/vboxuser/PycharmProjects/djanga_magaz/myproject/middleware/request_timer.py changed, reloading.
[INFO] 2025-11-30 17:00:27,815 Watching for file changes with StatReloader
[INFO] 2025-11-30 17:00:36,102 "GET /product/2/ HTTP/1.1" 200 3273
[WARNING] 2025-11-30 17:00:36,363 "GET /static/css/styles.css HTTP/1.1" 404 1856
[INFO] 2025-11-30 17:02:11,756 /home/vboxuser/PycharmProjects/djanga_magaz/myproject/middleware/request_timer.py changed, reloading.
[INFO] 2025-11-30 17:02:13,449 Watching for file changes with StatReloader
[INFO] 2025-11-30 17:02:42,977 /home/vboxuser/PycharmProjects/djanga_magaz/myproject/middleware/request_timer.py changed, reloading.
[INFO] 2025-11-30 17:02:44,142 Watching for file changes with StatReloader
[ERROR] 2025-11-30 17:03:07,774 Internal Server Error: /product/4/
Traceback (most recent call last):
  File "/home/vboxuser/PycharmProjects/djanga_magaz/.venv/lib/python3.12/site-packages/django/core/handlers/exception.py", line 55, in inner
    response = get_response(request)
               ^^^^^^^^^^^^^^^^^^^^^
  File "/home/vboxuser/PycharmProjects/djanga_magaz/myproject/middleware/request_timer.py", line 19, in wrapper
    logger.info(f"Запрос пришёл: {request.path}")
                                  ^^^^^^^^^^^^
AttributeError: module 'django.http.request' has no attribute 'path'
[ERROR] 2025-11-30 17:03:07,778 "GET /product/4/ HTTP/1.1" 500 71619
[INFO] 2025-11-30 17:04:15,105 /home/vboxuser/PycharmProjects/djanga_magaz/myproject/middleware/request_timer.py changed, reloading.
[INFO] 2025-11-30 17:04:16,098 Watching for file changes with StatReloader
[INFO] 2025-11-30 17:05:22,089 /home/vboxuser/PycharmProjects/djanga_magaz/myproject/middleware/request_timer.py changed, reloading.
[INFO] 2025-11-30 17:05:24,243 Watching for file changes with StatReloader
[INFO] 2025-11-30 17:05:25,372 "GET /product/4/ HTTP/1.1" 200 3284
[WARNING] 2025-11-30 17:05:25,781 "GET /static/css/styles.css HTTP/1.1" 404 1856
[INFO] 2025-11-30 17:05:47,671 "GET /product/4/ HTTP/1.1" 200 3284
[WARNING] 2025-11-30 17:05:47,768 "GET /static/css/styles.css HTTP/1.1" 404 1856
[INFO] 2025-11-30 17:17:12,435 /home/vboxuser/PycharmProjects/djanga_magaz/api/views.py changed, reloading.
[INFO] 2025-11-30 17:17:13,884 Watching for file changes with StatReloader
[INFO] 2025-11-30 17:23:33,810 /home/vboxuser/PycharmProjects/djanga_magaz/myapp/models.py changed, reloading.
[INFO] 2025-11-30 17:23:34,919 Watching for file changes with StatReloader
[INFO] 2025-11-30 18:40:09,108 /home/vboxuser/PycharmProjects/djanga_magaz/myapp/models.py changed, reloading.
[INFO] 2025-11-30 18:40:10,281 Watching for file changes with StatReloader
[INFO] 2025-11-30 18:41:30,496 /home/vboxuser/PycharmProjects/djanga_magaz/myapp/models.py changed, reloading.
[INFO] 2025-11-30 18:41:31,628 Watching for file changes with StatReloader
[INFO] 2025-11-30 18:43:59,660 /home/vboxuser/PycharmProjects/djanga_magaz/myapp/models.py changed, reloading.
[INFO] 2025-11-30 18:44:01,582 Watching for file changes with StatReloader
[INFO] 2025-11-30 19:10:09,857 Watching for file changes with StatReloader
[WARNING] 2025-11-30 19:10:20,119 "GET /static/css/styles.css HTTP/1.1" 404 1856
[INFO] 2025-11-30 19:10:20,124 "GET /static/no-image.png HTTP/1.1" 304 0
[WARNING] 2025-11-30 19:10:20,186 Not Found: /favicon.ico
[WARNING] 2025-11-30 19:10:27,553 Not Found: /favicon.ico
[INFO] 2025-11-30 19:10:30,512 "GET /swagger/ HTTP/1.1" 200 2209
[INFO] 2025-11-30 19:10:30,530 "GET /static/drf-yasg/swagger-ui-dist/swagger-ui.css HTTP/1.1" 200 145206
[INFO] 2025-11-30 19:10:30,789 "GET /static/drf-yasg/swagger-ui-dist/favicon-32x32.png HTTP/1.1" 200 628
[INFO] 2025-11-30 19:10:30,871 "GET /swagger/?format=openapi HTTP/1.1" 200 6007
[INFO] 2025-11-30 19:12:39,501 /home/vboxuser/PycharmProjects/djanga_magaz/api/views.py changed, reloading.
[INFO] 2025-11-30 19:12:40,135 Watching for file changes with StatReloader
[INFO] 2025-11-30 19:12:43,084 "GET /swagger/ HTTP/1.1" 200 2209
[INFO] 2025-11-30 19:12:43,140 "GET /static/drf-yasg/swagger-ui-dist/swagger-ui-bundle.js HTTP/1.1" 304 0
[INFO] 2025-11-30 19:12:43,155 "GET /static/drf-yasg/immutable.min.js HTTP/1.1" 304 0
[INFO] 2025-11-30 19:12:43,159 "GET /static/drf-yasg/swagger-ui-dist/swagger-ui-standalone-preset.js HTTP/1.1" 304 0
[INFO] 2025-11-30 19:12:43,162 "GET /static/drf-yasg/swagger-ui-init.js HTTP/1.1" 304 0
[INFO] 2025-11-30 19:12:43,163 "GET /static/drf-yasg/insQ.min.js HTTP/1.1" 304 0
[INFO] 2025-11-30 19:12:43,186 "GET /static/drf-yasg/style.css HTTP/1.1" 200 1047
[INFO] 2025-11-30 19:12:43,199 "GET /static/drf-yasg/swagger-ui-dist/swagger-ui.css HTTP/1.1" 200 145206
[ERROR] 2025-11-30 19:12:43,499 Internal Server Error: /swagger/
Traceback (most recent call last):
  File "/home/vboxuser/PycharmProjects/djanga_magaz/.venv/lib/python3.12/site-packages/django/core/handlers/exception.py", line 55, in inner
    response = get_response(request)
               ^^^^^^^^^^^^^^^^^^^^^
  File "/home/vboxuser/PycharmProjects/djanga_magaz/.venv/lib/python3.12/site-packages/django/core/handlers/base.py", line 197, in _get_response
    response = wrapped_callback(request, *callback_args, **callback_kwargs)
               ^^^^^^^^^^^^^^^^^^^^^^^^^^^^^^^^^^^^^^^^^^^^^^^^^^^^^^^^^^^^
  File "/home/vboxuser/PycharmProjects/djanga_magaz/.venv/lib/python3.12/site-packages/django/views/decorators/csrf.py", line 65, in _view_wrapper
    return view_func(request, *args, **kwargs)
           ^^^^^^^^^^^^^^^^^^^^^^^^^^^^^^^^^^^
  File "/home/vboxuser/PycharmProjects/djanga_magaz/.venv/lib/python3.12/site-packages/django/views/generic/base.py", line 105, in view
    return self.dispatch(request, *args, **kwargs)
           ^^^^^^^^^^^^^^^^^^^^^^^^^^^^^^^^^^^^^^^
  File "/home/vboxuser/PycharmProjects/djanga_magaz/.venv/lib/python3.12/site-packages/rest_framework/views.py", line 515, in dispatch
    response = self.handle_exception(exc)
               ^^^^^^^^^^^^^^^^^^^^^^^^^^
  File "/home/vboxuser/PycharmProjects/djanga_magaz/.venv/lib/python3.12/site-packages/rest_framework/views.py", line 475, in handle_exception
    self.raise_uncaught_exception(exc)
  File "/home/vboxuser/PycharmProjects/djanga_magaz/.venv/lib/python3.12/site-packages/rest_framework/views.py", line 486, in raise_uncaught_exception
    raise exc
  File "/home/vboxuser/PycharmProjects/djanga_magaz/.venv/lib/python3.12/site-packages/rest_framework/views.py", line 512, in dispatch
    response = handler(request, *args, **kwargs)
               ^^^^^^^^^^^^^^^^^^^^^^^^^^^^^^^^^
  File "/home/vboxuser/PycharmProjects/djanga_magaz/.venv/lib/python3.12/site-packages/drf_yasg/views.py", line 129, in get
    schema = generator.get_schema(request, self.public)
             ^^^^^^^^^^^^^^^^^^^^^^^^^^^^^^^^^^^^^^^^^^
  File "/home/vboxuser/PycharmProjects/djanga_magaz/.venv/lib/python3.12/site-packages/drf_yasg/generators.py", line 337, in get_schema
    paths, prefix = self.get_paths(endpoints, components, request, public)
                    ^^^^^^^^^^^^^^^^^^^^^^^^^^^^^^^^^^^^^^^^^^^^^^^^^^^^^^
  File "/home/vboxuser/PycharmProjects/djanga_magaz/.venv/lib/python3.12/site-packages/drf_yasg/generators.py", line 561, in get_paths
    operation = self.get_operation(
                ^^^^^^^^^^^^^^^^^^^
  File "/home/vboxuser/PycharmProjects/djanga_magaz/.venv/lib/python3.12/site-packages/drf_yasg/generators.py", line 609, in get_operation
    operation = view_inspector.get_operation(operation_keys)
                ^^^^^^^^^^^^^^^^^^^^^^^^^^^^^^^^^^^^^^^^^^^^
  File "/home/vboxuser/PycharmProjects/djanga_magaz/.venv/lib/python3.12/site-packages/drf_yasg/inspectors/view.py", line 43, in get_operation
    body = self.get_request_body_parameters(consumes)
           ^^^^^^^^^^^^^^^^^^^^^^^^^^^^^^^^^^^^^^^^^^
  File "/home/vboxuser/PycharmProjects/djanga_magaz/.venv/lib/python3.12/site-packages/drf_yasg/inspectors/view.py", line 87, in get_request_body_parameters
    serializer = self.get_request_serializer()
                 ^^^^^^^^^^^^^^^^^^^^^^^^^^^^^
  File "/home/vboxuser/PycharmProjects/djanga_magaz/.venv/lib/python3.12/site-packages/drf_yasg/inspectors/view.py", line 140, in get_request_serializer
    body_override = self._get_request_body_override()
                    ^^^^^^^^^^^^^^^^^^^^^^^^^^^^^^^^^
  File "/home/vboxuser/PycharmProjects/djanga_magaz/.venv/lib/python3.12/site-packages/drf_yasg/inspectors/view.py", line 121, in _get_request_body_override
    raise SwaggerGenerationError(
drf_yasg.errors.SwaggerGenerationError: request_body can only be applied to (PUT,PATCH,POST,DELETE); are you looking for query_serializer or manual_parameters?
[ERROR] 2025-11-30 19:12:43,503 "GET /swagger/?format=openapi HTTP/1.1" 500 147501
[INFO] 2025-11-30 19:15:15,938 /home/vboxuser/PycharmProjects/djanga_magaz/api/views.py changed, reloading.
[INFO] 2025-11-30 19:15:17,011 Watching for file changes with StatReloader
[INFO] 2025-11-30 19:15:17,428 "GET /swagger/ HTTP/1.1" 200 2209
[INFO] 2025-11-30 19:15:17,649 "GET /static/drf-yasg/swagger-ui-dist/favicon-32x32.png HTTP/1.1" 200 628
[INFO] 2025-11-30 19:15:17,734 "GET /swagger/?format=openapi HTTP/1.1" 200 6951
[WARNING] 2025-11-30 19:15:30,385 Unauthorized: /api/api/cart/4/
[WARNING] 2025-11-30 19:15:30,386 "GET /api/api/cart/4/ HTTP/1.1" 401 58
[INFO] 2025-11-30 19:16:00,057 "POST /api/token/ HTTP/1.1" 200 489
[ERROR] 2025-11-30 19:16:24,970 Internal Server Error: /api/api/cart/4/
Traceback (most recent call last):
  File "/home/vboxuser/PycharmProjects/djanga_magaz/.venv/lib/python3.12/site-packages/django/core/handlers/exception.py", line 55, in inner
    response = get_response(request)
               ^^^^^^^^^^^^^^^^^^^^^
  File "/home/vboxuser/PycharmProjects/djanga_magaz/.venv/lib/python3.12/site-packages/django/core/handlers/base.py", line 197, in _get_response
    response = wrapped_callback(request, *callback_args, **callback_kwargs)
               ^^^^^^^^^^^^^^^^^^^^^^^^^^^^^^^^^^^^^^^^^^^^^^^^^^^^^^^^^^^^
  File "/home/vboxuser/PycharmProjects/djanga_magaz/.venv/lib/python3.12/site-packages/django/views/decorators/csrf.py", line 65, in _view_wrapper
    return view_func(request, *args, **kwargs)
           ^^^^^^^^^^^^^^^^^^^^^^^^^^^^^^^^^^^
  File "/home/vboxuser/PycharmProjects/djanga_magaz/.venv/lib/python3.12/site-packages/django/views/generic/base.py", line 105, in view
    return self.dispatch(request, *args, **kwargs)
           ^^^^^^^^^^^^^^^^^^^^^^^^^^^^^^^^^^^^^^^
  File "/home/vboxuser/PycharmProjects/djanga_magaz/.venv/lib/python3.12/site-packages/rest_framework/views.py", line 515, in dispatch
    response = self.handle_exception(exc)
               ^^^^^^^^^^^^^^^^^^^^^^^^^^
  File "/home/vboxuser/PycharmProjects/djanga_magaz/.venv/lib/python3.12/site-packages/rest_framework/views.py", line 475, in handle_exception
    self.raise_uncaught_exception(exc)
  File "/home/vboxuser/PycharmProjects/djanga_magaz/.venv/lib/python3.12/site-packages/rest_framework/views.py", line 486, in raise_uncaught_exception
    raise exc
  File "/home/vboxuser/PycharmProjects/djanga_magaz/.venv/lib/python3.12/site-packages/rest_framework/views.py", line 512, in dispatch
    response = handler(request, *args, **kwargs)
               ^^^^^^^^^^^^^^^^^^^^^^^^^^^^^^^^^
TypeError: CartAPIView.get() got an unexpected keyword argument 'pk'
[ERROR] 2025-11-30 19:16:24,972 "GET /api/api/cart/4/ HTTP/1.1" 500 21732
[INFO] 2025-11-30 19:17:17,789 /home/vboxuser/PycharmProjects/djanga_magaz/api/urls.py changed, reloading.
[INFO] 2025-11-30 19:17:18,624 Watching for file changes with StatReloader
[WARNING] 2025-11-30 19:17:44,675 Not Found: /api/api/cart/3/
[WARNING] 2025-11-30 19:17:44,675 "POST /api/api/cart/3/ HTTP/1.1" 404 9346
[WARNING] 2025-11-30 19:17:58,914 Not Found: /api/api/cart/5/
[WARNING] 2025-11-30 19:17:58,915 "POST /api/api/cart/5/ HTTP/1.1" 404 9346
[INFO] 2025-11-30 19:18:04,728 "GET /swagger/ HTTP/1.1" 200 2209
[INFO] 2025-11-30 19:18:05,076 "GET /swagger/?format=openapi HTTP/1.1" 200 6925
[WARNING] 2025-11-30 19:18:27,908 Unauthorized: /api/cart/4/
[WARNING] 2025-11-30 19:18:27,909 "POST /api/cart/4/ HTTP/1.1" 401 58
[INFO] 2025-11-30 19:18:55,090 "POST /api/token/ HTTP/1.1" 200 489
[ERROR] 2025-11-30 19:19:24,002 Internal Server Error: /api/cart/4/
Traceback (most recent call last):
  File "/home/vboxuser/PycharmProjects/djanga_magaz/.venv/lib/python3.12/site-packages/django/core/handlers/exception.py", line 55, in inner
    response = get_response(request)
               ^^^^^^^^^^^^^^^^^^^^^
  File "/home/vboxuser/PycharmProjects/djanga_magaz/.venv/lib/python3.12/site-packages/django/core/handlers/base.py", line 197, in _get_response
    response = wrapped_callback(request, *callback_args, **callback_kwargs)
               ^^^^^^^^^^^^^^^^^^^^^^^^^^^^^^^^^^^^^^^^^^^^^^^^^^^^^^^^^^^^
  File "/home/vboxuser/PycharmProjects/djanga_magaz/.venv/lib/python3.12/site-packages/django/views/decorators/csrf.py", line 65, in _view_wrapper
    return view_func(request, *args, **kwargs)
           ^^^^^^^^^^^^^^^^^^^^^^^^^^^^^^^^^^^
  File "/home/vboxuser/PycharmProjects/djanga_magaz/.venv/lib/python3.12/site-packages/django/views/generic/base.py", line 105, in view
    return self.dispatch(request, *args, **kwargs)
           ^^^^^^^^^^^^^^^^^^^^^^^^^^^^^^^^^^^^^^^
  File "/home/vboxuser/PycharmProjects/djanga_magaz/.venv/lib/python3.12/site-packages/rest_framework/views.py", line 515, in dispatch
    response = self.handle_exception(exc)
               ^^^^^^^^^^^^^^^^^^^^^^^^^^
  File "/home/vboxuser/PycharmProjects/djanga_magaz/.venv/lib/python3.12/site-packages/rest_framework/views.py", line 475, in handle_exception
    self.raise_uncaught_exception(exc)
  File "/home/vboxuser/PycharmProjects/djanga_magaz/.venv/lib/python3.12/site-packages/rest_framework/views.py", line 486, in raise_uncaught_exception
    raise exc
  File "/home/vboxuser/PycharmProjects/djanga_magaz/.venv/lib/python3.12/site-packages/rest_framework/views.py", line 512, in dispatch
    response = handler(request, *args, **kwargs)
               ^^^^^^^^^^^^^^^^^^^^^^^^^^^^^^^^^
TypeError: CartAPIView.post() got an unexpected keyword argument 'pk'
[ERROR] 2025-11-30 19:19:24,007 "POST /api/cart/4/ HTTP/1.1" 500 21759
[WARNING] 2025-11-30 19:21:40,734 Bad Request: /api/cart/
[WARNING] 2025-11-30 19:21:40,735 "POST /api/cart/ HTTP/1.1" 400 122
[INFO] 2025-11-30 19:25:41,616 /home/vboxuser/PycharmProjects/djanga_magaz/api/views.py changed, reloading.
[INFO] 2025-11-30 19:25:42,291 Watching for file changes with StatReloader
[INFO] 2025-11-30 19:25:43,351 "GET /swagger/ HTTP/1.1" 200 2209
[ERROR] 2025-11-30 19:25:43,739 Internal Server Error: /swagger/
Traceback (most recent call last):
  File "/home/vboxuser/PycharmProjects/djanga_magaz/.venv/lib/python3.12/site-packages/django/core/handlers/exception.py", line 55, in inner
    response = get_response(request)
               ^^^^^^^^^^^^^^^^^^^^^
  File "/home/vboxuser/PycharmProjects/djanga_magaz/.venv/lib/python3.12/site-packages/django/core/handlers/base.py", line 197, in _get_response
    response = wrapped_callback(request, *callback_args, **callback_kwargs)
               ^^^^^^^^^^^^^^^^^^^^^^^^^^^^^^^^^^^^^^^^^^^^^^^^^^^^^^^^^^^^
  File "/home/vboxuser/PycharmProjects/djanga_magaz/.venv/lib/python3.12/site-packages/django/views/decorators/csrf.py", line 65, in _view_wrapper
    return view_func(request, *args, **kwargs)
           ^^^^^^^^^^^^^^^^^^^^^^^^^^^^^^^^^^^
  File "/home/vboxuser/PycharmProjects/djanga_magaz/.venv/lib/python3.12/site-packages/django/views/generic/base.py", line 105, in view
    return self.dispatch(request, *args, **kwargs)
           ^^^^^^^^^^^^^^^^^^^^^^^^^^^^^^^^^^^^^^^
  File "/home/vboxuser/PycharmProjects/djanga_magaz/.venv/lib/python3.12/site-packages/rest_framework/views.py", line 515, in dispatch
    response = self.handle_exception(exc)
               ^^^^^^^^^^^^^^^^^^^^^^^^^^
  File "/home/vboxuser/PycharmProjects/djanga_magaz/.venv/lib/python3.12/site-packages/rest_framework/views.py", line 475, in handle_exception
    self.raise_uncaught_exception(exc)
  File "/home/vboxuser/PycharmProjects/djanga_magaz/.venv/lib/python3.12/site-packages/rest_framework/views.py", line 486, in raise_uncaught_exception
    raise exc
  File "/home/vboxuser/PycharmProjects/djanga_magaz/.venv/lib/python3.12/site-packages/rest_framework/views.py", line 512, in dispatch
    response = handler(request, *args, **kwargs)
               ^^^^^^^^^^^^^^^^^^^^^^^^^^^^^^^^^
  File "/home/vboxuser/PycharmProjects/djanga_magaz/.venv/lib/python3.12/site-packages/drf_yasg/views.py", line 129, in get
    schema = generator.get_schema(request, self.public)
             ^^^^^^^^^^^^^^^^^^^^^^^^^^^^^^^^^^^^^^^^^^
  File "/home/vboxuser/PycharmProjects/djanga_magaz/.venv/lib/python3.12/site-packages/drf_yasg/generators.py", line 337, in get_schema
    paths, prefix = self.get_paths(endpoints, components, request, public)
                    ^^^^^^^^^^^^^^^^^^^^^^^^^^^^^^^^^^^^^^^^^^^^^^^^^^^^^^
  File "/home/vboxuser/PycharmProjects/djanga_magaz/.venv/lib/python3.12/site-packages/drf_yasg/generators.py", line 561, in get_paths
    operation = self.get_operation(
                ^^^^^^^^^^^^^^^^^^^
  File "/home/vboxuser/PycharmProjects/djanga_magaz/.venv/lib/python3.12/site-packages/drf_yasg/generators.py", line 609, in get_operation
    operation = view_inspector.get_operation(operation_keys)
                ^^^^^^^^^^^^^^^^^^^^^^^^^^^^^^^^^^^^^^^^^^^^
  File "/home/vboxuser/PycharmProjects/djanga_magaz/.venv/lib/python3.12/site-packages/drf_yasg/inspectors/view.py", line 43, in get_operation
    body = self.get_request_body_parameters(consumes)
           ^^^^^^^^^^^^^^^^^^^^^^^^^^^^^^^^^^^^^^^^^^
  File "/home/vboxuser/PycharmProjects/djanga_magaz/.venv/lib/python3.12/site-packages/drf_yasg/inspectors/view.py", line 87, in get_request_body_parameters
    serializer = self.get_request_serializer()
                 ^^^^^^^^^^^^^^^^^^^^^^^^^^^^^
  File "/home/vboxuser/PycharmProjects/djanga_magaz/.venv/lib/python3.12/site-packages/drf_yasg/inspectors/view.py", line 140, in get_request_serializer
    body_override = self._get_request_body_override()
                    ^^^^^^^^^^^^^^^^^^^^^^^^^^^^^^^^^
  File "/home/vboxuser/PycharmProjects/djanga_magaz/.venv/lib/python3.12/site-packages/drf_yasg/inspectors/view.py", line 121, in _get_request_body_override
    raise SwaggerGenerationError(
drf_yasg.errors.SwaggerGenerationError: request_body can only be applied to (PUT,PATCH,POST,DELETE); are you looking for query_serializer or manual_parameters?
[ERROR] 2025-11-30 19:25:43,751 "GET /swagger/?format=openapi HTTP/1.1" 500 147281
[INFO] 2025-11-30 19:26:49,747 "GET /swagger/ HTTP/1.1" 200 2209
[ERROR] 2025-11-30 19:26:50,310 Internal Server Error: /swagger/
Traceback (most recent call last):
  File "/home/vboxuser/PycharmProjects/djanga_magaz/.venv/lib/python3.12/site-packages/django/core/handlers/exception.py", line 55, in inner
    response = get_response(request)
               ^^^^^^^^^^^^^^^^^^^^^
  File "/home/vboxuser/PycharmProjects/djanga_magaz/.venv/lib/python3.12/site-packages/django/core/handlers/base.py", line 197, in _get_response
    response = wrapped_callback(request, *callback_args, **callback_kwargs)
               ^^^^^^^^^^^^^^^^^^^^^^^^^^^^^^^^^^^^^^^^^^^^^^^^^^^^^^^^^^^^
  File "/home/vboxuser/PycharmProjects/djanga_magaz/.venv/lib/python3.12/site-packages/django/views/decorators/csrf.py", line 65, in _view_wrapper
    return view_func(request, *args, **kwargs)
           ^^^^^^^^^^^^^^^^^^^^^^^^^^^^^^^^^^^
  File "/home/vboxuser/PycharmProjects/djanga_magaz/.venv/lib/python3.12/site-packages/django/views/generic/base.py", line 105, in view
    return self.dispatch(request, *args, **kwargs)
           ^^^^^^^^^^^^^^^^^^^^^^^^^^^^^^^^^^^^^^^
  File "/home/vboxuser/PycharmProjects/djanga_magaz/.venv/lib/python3.12/site-packages/rest_framework/views.py", line 515, in dispatch
    response = self.handle_exception(exc)
               ^^^^^^^^^^^^^^^^^^^^^^^^^^
  File "/home/vboxuser/PycharmProjects/djanga_magaz/.venv/lib/python3.12/site-packages/rest_framework/views.py", line 475, in handle_exception
    self.raise_uncaught_exception(exc)
  File "/home/vboxuser/PycharmProjects/djanga_magaz/.venv/lib/python3.12/site-packages/rest_framework/views.py", line 486, in raise_uncaught_exception
    raise exc
  File "/home/vboxuser/PycharmProjects/djanga_magaz/.venv/lib/python3.12/site-packages/rest_framework/views.py", line 512, in dispatch
    response = handler(request, *args, **kwargs)
               ^^^^^^^^^^^^^^^^^^^^^^^^^^^^^^^^^
  File "/home/vboxuser/PycharmProjects/djanga_magaz/.venv/lib/python3.12/site-packages/drf_yasg/views.py", line 129, in get
    schema = generator.get_schema(request, self.public)
             ^^^^^^^^^^^^^^^^^^^^^^^^^^^^^^^^^^^^^^^^^^
  File "/home/vboxuser/PycharmProjects/djanga_magaz/.venv/lib/python3.12/site-packages/drf_yasg/generators.py", line 337, in get_schema
    paths, prefix = self.get_paths(endpoints, components, request, public)
                    ^^^^^^^^^^^^^^^^^^^^^^^^^^^^^^^^^^^^^^^^^^^^^^^^^^^^^^
  File "/home/vboxuser/PycharmProjects/djanga_magaz/.venv/lib/python3.12/site-packages/drf_yasg/generators.py", line 561, in get_paths
    operation = self.get_operation(
                ^^^^^^^^^^^^^^^^^^^
  File "/home/vboxuser/PycharmProjects/djanga_magaz/.venv/lib/python3.12/site-packages/drf_yasg/generators.py", line 609, in get_operation
    operation = view_inspector.get_operation(operation_keys)
                ^^^^^^^^^^^^^^^^^^^^^^^^^^^^^^^^^^^^^^^^^^^^
  File "/home/vboxuser/PycharmProjects/djanga_magaz/.venv/lib/python3.12/site-packages/drf_yasg/inspectors/view.py", line 43, in get_operation
    body = self.get_request_body_parameters(consumes)
           ^^^^^^^^^^^^^^^^^^^^^^^^^^^^^^^^^^^^^^^^^^
  File "/home/vboxuser/PycharmProjects/djanga_magaz/.venv/lib/python3.12/site-packages/drf_yasg/inspectors/view.py", line 87, in get_request_body_parameters
    serializer = self.get_request_serializer()
                 ^^^^^^^^^^^^^^^^^^^^^^^^^^^^^
  File "/home/vboxuser/PycharmProjects/djanga_magaz/.venv/lib/python3.12/site-packages/drf_yasg/inspectors/view.py", line 140, in get_request_serializer
    body_override = self._get_request_body_override()
                    ^^^^^^^^^^^^^^^^^^^^^^^^^^^^^^^^^
  File "/home/vboxuser/PycharmProjects/djanga_magaz/.venv/lib/python3.12/site-packages/drf_yasg/inspectors/view.py", line 121, in _get_request_body_override
    raise SwaggerGenerationError(
drf_yasg.errors.SwaggerGenerationError: request_body can only be applied to (PUT,PATCH,POST,DELETE); are you looking for query_serializer or manual_parameters?
[ERROR] 2025-11-30 19:26:50,315 "GET /swagger/?format=openapi HTTP/1.1" 500 147281
[INFO] 2025-11-30 19:26:53,938 "GET /swagger/ HTTP/1.1" 200 2209
[ERROR] 2025-11-30 19:26:54,221 Internal Server Error: /swagger/
Traceback (most recent call last):
  File "/home/vboxuser/PycharmProjects/djanga_magaz/.venv/lib/python3.12/site-packages/django/core/handlers/exception.py", line 55, in inner
    response = get_response(request)
               ^^^^^^^^^^^^^^^^^^^^^
  File "/home/vboxuser/PycharmProjects/djanga_magaz/.venv/lib/python3.12/site-packages/django/core/handlers/base.py", line 197, in _get_response
    response = wrapped_callback(request, *callback_args, **callback_kwargs)
               ^^^^^^^^^^^^^^^^^^^^^^^^^^^^^^^^^^^^^^^^^^^^^^^^^^^^^^^^^^^^
  File "/home/vboxuser/PycharmProjects/djanga_magaz/.venv/lib/python3.12/site-packages/django/views/decorators/csrf.py", line 65, in _view_wrapper
    return view_func(request, *args, **kwargs)
           ^^^^^^^^^^^^^^^^^^^^^^^^^^^^^^^^^^^
  File "/home/vboxuser/PycharmProjects/djanga_magaz/.venv/lib/python3.12/site-packages/django/views/generic/base.py", line 105, in view
    return self.dispatch(request, *args, **kwargs)
           ^^^^^^^^^^^^^^^^^^^^^^^^^^^^^^^^^^^^^^^
  File "/home/vboxuser/PycharmProjects/djanga_magaz/.venv/lib/python3.12/site-packages/rest_framework/views.py", line 515, in dispatch
    response = self.handle_exception(exc)
               ^^^^^^^^^^^^^^^^^^^^^^^^^^
  File "/home/vboxuser/PycharmProjects/djanga_magaz/.venv/lib/python3.12/site-packages/rest_framework/views.py", line 475, in handle_exception
    self.raise_uncaught_exception(exc)
  File "/home/vboxuser/PycharmProjects/djanga_magaz/.venv/lib/python3.12/site-packages/rest_framework/views.py", line 486, in raise_uncaught_exception
    raise exc
  File "/home/vboxuser/PycharmProjects/djanga_magaz/.venv/lib/python3.12/site-packages/rest_framework/views.py", line 512, in dispatch
    response = handler(request, *args, **kwargs)
               ^^^^^^^^^^^^^^^^^^^^^^^^^^^^^^^^^
  File "/home/vboxuser/PycharmProjects/djanga_magaz/.venv/lib/python3.12/site-packages/drf_yasg/views.py", line 129, in get
    schema = generator.get_schema(request, self.public)
             ^^^^^^^^^^^^^^^^^^^^^^^^^^^^^^^^^^^^^^^^^^
  File "/home/vboxuser/PycharmProjects/djanga_magaz/.venv/lib/python3.12/site-packages/drf_yasg/generators.py", line 337, in get_schema
    paths, prefix = self.get_paths(endpoints, components, request, public)
                    ^^^^^^^^^^^^^^^^^^^^^^^^^^^^^^^^^^^^^^^^^^^^^^^^^^^^^^
  File "/home/vboxuser/PycharmProjects/djanga_magaz/.venv/lib/python3.12/site-packages/drf_yasg/generators.py", line 561, in get_paths
    operation = self.get_operation(
                ^^^^^^^^^^^^^^^^^^^
  File "/home/vboxuser/PycharmProjects/djanga_magaz/.venv/lib/python3.12/site-packages/drf_yasg/generators.py", line 609, in get_operation
    operation = view_inspector.get_operation(operation_keys)
                ^^^^^^^^^^^^^^^^^^^^^^^^^^^^^^^^^^^^^^^^^^^^
  File "/home/vboxuser/PycharmProjects/djanga_magaz/.venv/lib/python3.12/site-packages/drf_yasg/inspectors/view.py", line 43, in get_operation
    body = self.get_request_body_parameters(consumes)
           ^^^^^^^^^^^^^^^^^^^^^^^^^^^^^^^^^^^^^^^^^^
  File "/home/vboxuser/PycharmProjects/djanga_magaz/.venv/lib/python3.12/site-packages/drf_yasg/inspectors/view.py", line 87, in get_request_body_parameters
    serializer = self.get_request_serializer()
                 ^^^^^^^^^^^^^^^^^^^^^^^^^^^^^
  File "/home/vboxuser/PycharmProjects/djanga_magaz/.venv/lib/python3.12/site-packages/drf_yasg/inspectors/view.py", line 140, in get_request_serializer
    body_override = self._get_request_body_override()
                    ^^^^^^^^^^^^^^^^^^^^^^^^^^^^^^^^^
  File "/home/vboxuser/PycharmProjects/djanga_magaz/.venv/lib/python3.12/site-packages/drf_yasg/inspectors/view.py", line 121, in _get_request_body_override
    raise SwaggerGenerationError(
drf_yasg.errors.SwaggerGenerationError: request_body can only be applied to (PUT,PATCH,POST,DELETE); are you looking for query_serializer or manual_parameters?
[ERROR] 2025-11-30 19:26:54,223 "GET /swagger/?format=openapi HTTP/1.1" 500 147281
[INFO] 2025-11-30 19:28:08,882 /home/vboxuser/PycharmProjects/djanga_magaz/api/views.py changed, reloading.
[INFO] 2025-11-30 19:28:09,837 Watching for file changes with StatReloader
[INFO] 2025-11-30 19:28:10,681 "GET /swagger/ HTTP/1.1" 200 2209
[INFO] 2025-11-30 19:28:11,017 "GET /swagger/?format=openapi HTTP/1.1" 200 7105
[WARNING] 2025-11-30 19:28:45,581 Unauthorized: /api/cart/
[WARNING] 2025-11-30 19:28:45,582 "POST /api/cart/ HTTP/1.1" 401 58
[INFO] 2025-11-30 19:29:13,815 "POST /api/token/ HTTP/1.1" 200 489
[INFO] 2025-11-30 19:29:41,404 "POST /api/cart/ HTTP/1.1" 201 72
[INFO] 2025-11-30 19:29:57,658 "GET /api/cart/ HTTP/1.1" 200 74
[INFO] 2025-11-30 19:30:23,553 "DELETE /api/cart/1/ HTTP/1.1" 204 0
[INFO] 2025-11-30 19:37:05,865 /home/vboxuser/PycharmProjects/djanga_magaz/api/views.py changed, reloading.
[INFO] 2025-11-30 19:37:07,130 Watching for file changes with StatReloader
[INFO] 2025-11-30 19:37:08,464 "GET /swagger/ HTTP/1.1" 200 2209
[INFO] 2025-11-30 19:37:08,801 "GET /swagger/?format=openapi HTTP/1.1" 200 8085
[INFO] 2025-11-30 19:39:46,657 "GET /admin/myapp/product/ HTTP/1.1" 200 18890
[INFO] 2025-11-30 19:39:46,799 "GET /static/admin/img/search.svg HTTP/1.1" 200 458
[INFO] 2025-11-30 19:39:46,800 "GET /static/admin/img/icon-yes.svg HTTP/1.1" 200 436
[INFO] 2025-11-30 19:39:46,910 "GET /static/admin/img/icon-addlink.svg HTTP/1.1" 200 331
[INFO] 2025-11-30 19:39:46,927 "GET /static/admin/img/icon-viewlink.svg HTTP/1.1" 200 581
[INFO] 2025-11-30 19:39:46,928 "GET /static/admin/img/tooltag-add.svg HTTP/1.1" 200 331
[WARNING] 2025-11-30 19:39:47,078 Not Found: /favicon.ico
[INFO] 2025-11-30 19:39:54,213 "GET /admin/token_blacklist/blacklistedtoken/ HTTP/1.1" 200 10944
[INFO] 2025-11-30 19:39:54,258 "GET /static/admin/js/theme.js HTTP/1.1" 304 0
[INFO] 2025-11-30 19:39:54,262 "GET /static/admin/css/changelists.css HTTP/1.1" 304 0
[INFO] 2025-11-30 19:39:54,263 "GET /static/admin/js/nav_sidebar.js HTTP/1.1" 304 0
[INFO] 2025-11-30 19:39:54,271 "GET /static/admin/css/nav_sidebar.css HTTP/1.1" 304 0
[INFO] 2025-11-30 19:39:54,295 "GET /static/admin/css/base.css HTTP/1.1" 200 22120
[INFO] 2025-11-30 19:39:54,296 "GET /static/admin/js/jquery.init.js HTTP/1.1" 304 0
[INFO] 2025-11-30 19:39:54,297 "GET /static/admin/js/vendor/jquery/jquery.js HTTP/1.1" 304 0
[INFO] 2025-11-30 19:39:54,298 "GET /static/admin/css/dark_mode.css HTTP/1.1" 304 0
[INFO] 2025-11-30 19:39:54,305 "GET /static/admin/js/actions.js HTTP/1.1" 304 0
[INFO] 2025-11-30 19:39:54,324 "GET /static/admin/js/admin/RelatedObjectLookups.js HTTP/1.1" 304 0
[INFO] 2025-11-30 19:39:54,325 "GET /static/admin/js/core.js HTTP/1.1" 304 0
[INFO] 2025-11-30 19:39:54,327 "GET /static/admin/js/urlify.js HTTP/1.1" 304 0
[INFO] 2025-11-30 19:39:54,333 "GET /admin/jsi18n/ HTTP/1.1" 200 3342
[INFO] 2025-11-30 19:39:54,340 "GET /static/admin/js/prepopulate.js HTTP/1.1" 304 0
[INFO] 2025-11-30 19:39:54,345 "GET /static/admin/js/vendor/xregexp/xregexp.js HTTP/1.1" 304 0
[INFO] 2025-11-30 19:39:54,349 "GET /static/admin/js/filters.js HTTP/1.1" 304 0
[INFO] 2025-11-30 19:39:54,358 "GET /static/admin/css/responsive.css HTTP/1.1" 304 0
[WARNING] 2025-11-30 19:39:54,512 Not Found: /favicon.ico
[INFO] 2025-11-30 19:54:58,636 /home/vboxuser/PycharmProjects/djanga_magaz/myproject/celery.py changed, reloading.
[INFO] 2025-11-30 20:17:57,344 Watching for file changes with StatReloader
